# JRE version: OpenJDK Runtime Environment Temurin-17.0.7+7 (17.0.7+7) (build 17.0.7+7)
# Java VM: OpenJDK 64-Bit Server VM Temurin-17.0.7+7 (17.0.7+7, mixed mode, tiered, compressed oops, compressed class ptrs, g1 gc, windows-amd64)
GC Precious Log:
 CPUs: 8 total, 8 available
 Memory: 16215M
 Large Page Support: Disabled
 NUMA Support: Disabled
 Compressed Oops: Enabled (32-bit)
 Heap Region Size: 1M
 Heap Min Capacity: 8M
 Heap Initial Capacity: 254M
 Heap Max Capacity: 2G
 Pre-touch: Disabled
 Parallel Workers: 8
 Concurrent Workers: 2
 Concurrent Refinement Workers: 8
 Periodic GC: Disabled
Heap:
 garbage-first heap   total 107520K, used 82786K [0x0000000080000000, 0x0000000100000000)
  region size 1024K, 44 young (45056K), 4 survivors (4096K)
 Metaspace       used 48019K, committed 48896K, reserved 1114112K
  class space    used 5124K, committed 5504K, reserved 1048576K
GC Heap History (20 events):
Event: 22.015 GC heap before
{Heap before GC invocations=14 (full 0):
 garbage-first heap   total 107520K, used 85453K [0x0000000080000000, 0x0000000100000000)
  region size 1024K, 56 young (57344K), 8 survivors (8192K)
 Metaspace       used 45170K, committed 45824K, reserved 1114112K
  class space    used 4989K, committed 5312K, reserved 1048576K
}
Event: 22.026 GC heap after
{Heap after GC invocations=15 (full 0):
 garbage-first heap   total 107520K, used 37816K [0x0000000080000000, 0x0000000100000000)
  region size 1024K, 2 young (2048K), 2 survivors (2048K)
 Metaspace       used 45170K, committed 45824K, reserved 1114112K
  class space    used 4989K, committed 5312K, reserved 1048576K
}
Event: 30.006 GC heap before
{Heap before GC invocations=15 (full 0):
 garbage-first heap   total 107520K, used 85944K [0x0000000080000000, 0x0000000100000000)
  region size 1024K, 49 young (50176K), 2 survivors (2048K)
 Metaspace       used 45924K, committed 46592K, reserved 1114112K
  class space    used 5047K, committed 5376K, reserved 1048576K
}
Event: 30.012 GC heap after
{Heap after GC invocations=16 (full 0):
 garbage-first heap   total 107520K, used 38899K [0x0000000080000000, 0x0000000100000000)
  region size 1024K, 3 young (3072K), 3 survivors (3072K)
 Metaspace       used 45924K, committed 46592K, reserved 1114112K
  class space    used 5047K, committed 5376K, reserved 1048576K
}
Event: 34.796 GC heap before
{Heap before GC invocations=16 (full 0):
 garbage-first heap   total 107520K, used 86003K [0x0000000080000000, 0x0000000100000000)
  region size 1024K, 50 young (51200K), 3 survivors (3072K)
 Metaspace       used 46187K, committed 46912K, reserved 1114112K
  class space    used 5065K, committed 5376K, reserved 1048576K
}
Event: 34.801 GC heap after
{Heap after GC invocations=17 (full 0):
 garbage-first heap   total 107520K, used 39038K [0x0000000080000000, 0x0000000100000000)
  region size 1024K, 3 young (3072K), 3 survivors (3072K)
 Metaspace       used 46187K, committed 46912K, reserved 1114112K
  class space    used 5065K, committed 5376K, reserved 1048576K
}
Event: 44.183 GC heap before
{Heap before GC invocations=17 (full 0):
 garbage-first heap   total 107520K, used 88190K [0x0000000080000000, 0x0000000100000000)
  region size 1024K, 51 young (52224K), 3 survivors (3072K)
 Metaspace       used 46513K, committed 47168K, reserved 1114112K
  class space    used 5073K, committed 5376K, reserved 1048576K
}
Event: 44.191 GC heap after
{Heap after GC invocations=18 (full 0):
 garbage-first heap   total 107520K, used 39926K [0x0000000080000000, 0x0000000100000000)
  region size 1024K, 4 young (4096K), 4 survivors (4096K)
 Metaspace       used 46513K, committed 47168K, reserved 1114112K
  class space    used 5073K, committed 5376K, reserved 1048576K
}
Event: 58.112 GC heap before
{Heap before GC invocations=18 (full 0):
 garbage-first heap   total 107520K, used 89078K [0x0000000080000000, 0x0000000100000000)
  region size 1024K, 52 young (53248K), 4 survivors (4096K)
 Metaspace       used 46872K, committed 47616K, reserved 1114112K
  class space    used 5078K, committed 5440K, reserved 1048576K
}
Event: 58.118 GC heap after
{Heap after GC invocations=19 (full 0):
 garbage-first heap   total 107520K, used 40468K [0x0000000080000000, 0x0000000100000000)
  region size 1024K, 5 young (5120K), 5 survivors (5120K)
 Metaspace       used 46872K, committed 47616K, reserved 1114112K
  class space    used 5078K, committed 5440K, reserved 1048576K
}
Event: 66.875 GC heap before
{Heap before GC invocations=19 (full 0):
 garbage-first heap   total 107520K, used 88596K [0x0000000080000000, 0x0000000100000000)
  region size 1024K, 52 young (53248K), 5 survivors (5120K)
 Metaspace       used 47143K, committed 47872K, reserved 1114112K
  class space    used 5090K, committed 5440K, reserved 1048576K
}
Event: 66.884 GC heap after
{Heap after GC invocations=20 (full 0):
 garbage-first heap   total 107520K, used 41187K [0x0000000080000000, 0x0000000100000000)
  region size 1024K, 4 young (4096K), 4 survivors (4096K)
 Metaspace       used 47143K, committed 47872K, reserved 1114112K
  class space    used 5090K, committed 5440K, reserved 1048576K
}
Event: 82.024 GC heap before
{Heap before GC invocations=20 (full 0):
 garbage-first heap   total 107520K, used 90339K [0x0000000080000000, 0x0000000100000000)
  region size 1024K, 52 young (53248K), 4 survivors (4096K)
 Metaspace       used 47348K, committed 48128K, reserved 1114112K
  class space    used 5096K, committed 5440K, reserved 1048576K
}
Event: 82.033 GC heap after
{Heap after GC invocations=21 (full 0):
 garbage-first heap   total 107520K, used 41551K [0x0000000080000000, 0x0000000100000000)
  region size 1024K, 4 young (4096K), 4 survivors (4096K)
 Metaspace       used 47348K, committed 48128K, reserved 1114112K
  class space    used 5096K, committed 5440K, reserved 1048576K
}
Event: 84.139 GC heap before
{Heap before GC invocations=21 (full 0):
 garbage-first heap   total 107520K, used 90703K [0x0000000080000000, 0x0000000100000000)
  region size 1024K, 52 young (53248K), 4 survivors (4096K)
 Metaspace       used 47454K, committed 48320K, reserved 1114112K
  class space    used 5103K, committed 5504K, reserved 1048576K
}
Event: 84.148 GC heap after
{Heap after GC invocations=22 (full 0):
 garbage-first heap   total 107520K, used 42260K [0x0000000080000000, 0x0000000100000000)
  region size 1024K, 4 young (4096K), 4 survivors (4096K)
 Metaspace       used 47454K, committed 48320K, reserved 1114112K
  class space    used 5103K, committed 5504K, reserved 1048576K
}
Event: 96.414 GC heap before
{Heap before GC invocations=22 (full 0):
 garbage-first heap   total 107520K, used 90388K [0x0000000080000000, 0x0000000100000000)
  region size 1024K, 51 young (52224K), 4 survivors (4096K)
 Metaspace       used 47694K, committed 48576K, reserved 1114112K
  class space    used 5110K, committed 5504K, reserved 1048576K
}
Event: 96.427 GC heap after
{Heap after GC invocations=23 (full 0):
 garbage-first heap   total 107520K, used 42580K [0x0000000080000000, 0x0000000100000000)
  region size 1024K, 4 young (4096K), 4 survivors (4096K)
 Metaspace       used 47694K, committed 48576K, reserved 1114112K
  class space    used 5110K, committed 5504K, reserved 1048576K
}
Event: 107.515 GC heap before
{Heap before GC invocations=23 (full 0):
 garbage-first heap   total 107520K, used 89684K [0x0000000080000000, 0x0000000100000000)
  region size 1024K, 51 young (52224K), 4 survivors (4096K)
 Metaspace       used 47806K, committed 48704K, reserved 1114112K
  class space    used 5115K, committed 5504K, reserved 1048576K
}
Event: 107.521 GC heap after
{Heap after GC invocations=24 (full 0):
 garbage-first heap   total 107520K, used 42850K [0x0000000080000000, 0x0000000100000000)
  region size 1024K, 4 young (4096K), 4 survivors (4096K)
 Metaspace       used 47806K, committed 48704K, reserved 1114112K
  class space    used 5115K, committed 5504K, reserved 1048576K
}

